<!doctype html>
<html lang="en">
<head>
  <!-- Global site tag (gtag.js) - Google Analytics -->
  <script async src="https://www.googletagmanager.com/gtag/js?id=UA-126639765-1"></script>
  <script>
    window.dataLayer = window.dataLayer || [];
    function gtag(){dataLayer.push(arguments);}
    gtag('js', new Date());

    gtag('config', 'UA-126639765-1');
  </script>
  <meta charset="utf-8">
  <meta http-equiv="x-ua-compatible" content="ie=edge">
  <title>Edwin Andrianto | Partitioning in PostgreSQL</title>
  <meta name="description" content="How to implement partitioning in postgresql to improve huge row of table.">
  <meta name="viewport" content="width=device-width, initial-scale=1">

  <meta property="og:title" content="Partitioning in PostgreSQL">
  <meta property="og:type" content="website">
  <meta property="og:url" content="https://edwinlab.github.io/blog/blog/posts/partitioning-in-postgresql">
  <meta property="og:description" content="How to implement partitioning in postgresql to improve huge row of table.">
  <meta property="og:site_name" content="Edwin Andrianto">
  <meta property="og:image" content="https://edwinlab.github.io/blog/blog/assets/og-image.jpg">

  <meta name="twitter:card" content="summary">
  <meta name="twitter:url" content="https://edwinlab.github.io/blog/blog/posts/partitioning-in-postgresql">
  <meta name="twitter:title" content="Partitioning in PostgreSQL">
  <meta name="twitter:description" content="How to implement partitioning in postgresql to improve huge row of table.">
  <meta name="twitter:image" content="https://edwinlab.github.io/blog/blog/assets/og-image.jpg">

  <link rel="apple-touch-icon" href="/blog/assets/apple-touch-icon.png">
  <link href="https://edwinlab.github.io/blog/blog/feed.xml" type="application/rss+xml" rel="alternate" title="Edwin Andrianto Last 10 blog posts" />

  

  
    <link type="text/css" rel="stylesheet" href="/blog/assets/light.css">
  
</head>

<body>
  <main role="main">
    <div class="grid grid-centered">
      <div class="grid-cell">
        <nav class="header-nav reveal">
  <a href="/blog/" class="header-logo" title="Edwin Andrianto">Edwin Andrianto</a>
  <ul class="header-links">
    
    
      <li>
        <a href="https://twitter.com/edwinlab" target="_blank" title="Twitter">
          <span class="icon icon-social-twitter"></span>
        </a>
      </li>
    
    
    
      <li>
        <a href="https://github.com/edwinlab" target="_blank" title="GitHub">
          <span class="icon icon-social-github"></span>
        </a>
      </li>
    
    
    
    
      <li>
        <a href="https://www.linkedin.com/in/edwinandrianto" target="_blank" title="LinkedIn">
          <span class="icon icon-social-linkedin"></span>
        </a>
      </li>
    
    
    
      <li>
        <a href="mailto:edwinuad@gmail.com" title="Email">
          <span class="icon icon-at"></span>
        </a>
      </li>
    
    
      <li>
        <a href="/blog/feed.xml" target="_blank" title="RSS">
          <span class="icon icon-social-rss"></span>
        </a>
      </li>
    
  </ul>
</nav>

        <article class="article reveal">
          <header class="article-header">
            <h1>Partitioning in PostgreSQL</h1>
            <p>How to implement partitioning in postgresql to improve huge row of table.</p>
            <div class="article-list-footer">
              <span class="article-list-date">
                August 21, 2017
              </span>
              <span class="article-list-divider">-</span>
              <span class="article-list-minutes">
                
                
                  4 minute read
                
              </span>
              <span class="article-list-divider">-</span>
              <div class="article-list-tags">
                
                  <a href="/blog/tag/PostgreSQL">PostgreSQL</a>
                
                  <a href="/blog/tag/partitioned">partitioned</a>
                
              </div>
            </div>
          </header>

          <div class="article-content">
            <h2 id="what-is-table-partitioning-in-postgresql">What is table partitioning in PostgreSQL?</h2>
<p>1 logical table = n smaller physical tables</p>

<h2 id="what-are-the-benefits">What are the benefits?</h2>
<p>improved query performance for big tables*</p>

<p>*works best when results are coming from single partition</p>

<h2 id="when-to-consider-partitioning">When to consider partitioning?</h2>
<p>Big table that cannot be queried efficiently, as the index is enormous as well.</p>

<p>Rule of thumb: table does not fit into memory</p>

<h2 id="how-is-data-split">How is data split?</h2>
<p>By ranges:</p>
<ul>
  <li>year &gt; 2010 AND year &lt;= 2012</li>
  <li>created_at &gt;= DATE ‘2017-08-01’ AND created_at &lt; DATE ‘2017-09-01’</li>
</ul>

<p>By lists of key values: company_id = 5</p>

<h2 id="how-does-it-work">How does it work?</h2>
<p>At the heart of it lie 2 mechanisms:</p>
<ul>
  <li>table inheritance</li>
  <li>table CHECK constraints</li>
</ul>

<h2 id="table-inheritance-schema-and-create-constraint-index">Table inheritance: schema and create constraint index</h2>

<h3 id="add-scheme">Add scheme</h3>
<div class="language-sql highlighter-rouge"><pre class="highlight"><code><span class="k">CREATE</span> <span class="k">SCHEMA</span> <span class="n">payments_partitions</span><span class="p">;</span>
</code></pre>
</div>

<h3 id="add-table-and-index">Add table and index</h3>
<div class="language-sql highlighter-rouge"><pre class="highlight"><code><span class="k">CREATE</span> <span class="k">TABLE</span> <span class="nv">"payments_partitions"</span><span class="p">.</span><span class="nv">"p201708"</span> <span class="p">(</span>
  <span class="k">CHECK</span> <span class="p">(</span><span class="n">created_at</span> <span class="o">&gt;=</span> <span class="s1">'2017-08-01'</span> <span class="k">AND</span> <span class="n">created_at</span> <span class="o">&lt;</span> <span class="s1">'2017-09-01'</span><span class="p">)</span>
<span class="p">)</span> <span class="k">INHERITS</span> <span class="p">(</span><span class="n">payments</span><span class="p">);</span>
<span class="k">CREATE</span> <span class="k">UNIQUE</span> <span class="k">INDEX</span>  <span class="nv">"p201708_id_udx"</span> <span class="k">ON</span> <span class="nv">"payments_partitions"</span><span class="p">.</span><span class="nv">"p201708"</span>  <span class="p">(</span><span class="nv">"id"</span><span class="p">);</span>
<span class="k">CREATE</span>  <span class="k">INDEX</span>  <span class="nv">"p201708_created_at_idx"</span> <span class="k">ON</span> <span class="nv">"payments_partitions"</span><span class="p">.</span><span class="nv">"p201708"</span>  <span class="p">(</span><span class="nv">"created_at"</span><span class="p">);</span>
</code></pre>
</div>

<h3 id="add-trigger-when-insert-payment">Add trigger when insert payment</h3>
<div class="language-sql highlighter-rouge"><pre class="highlight"><code><span class="k">CREATE</span> <span class="k">OR</span> <span class="k">REPLACE</span> <span class="k">FUNCTION</span> <span class="n">fn_insert</span><span class="p">()</span> <span class="k">RETURNS</span> <span class="k">TRIGGER</span> <span class="k">AS</span> <span class="err">$$</span>
<span class="k">BEGIN</span>
<span class="n">IF</span> <span class="p">(</span> <span class="k">NEW</span><span class="p">.</span><span class="n">created_at</span> <span class="o">&gt;=</span> <span class="n">DATE</span> <span class="s1">'2017-08-01'</span> <span class="k">AND</span> <span class="k">NEW</span><span class="p">.</span><span class="n">created_at</span> <span class="o">&lt;</span> <span class="n">DATE</span> <span class="s1">'2017-09-01'</span> <span class="p">)</span> <span class="k">THEN</span>
  <span class="k">INSERT</span> <span class="k">INTO</span> <span class="n">p201708</span> <span class="k">VALUES</span> <span class="p">(</span><span class="k">NEW</span><span class="p">.</span><span class="o">*</span><span class="p">);</span>
<span class="k">ELSE</span>
  <span class="n">RAISE</span> <span class="n">EXCEPTION</span> <span class="s1">'Date out of range'</span><span class="p">;</span>
<span class="k">END</span> <span class="n">IF</span><span class="p">;</span>
  <span class="k">RETURN</span> <span class="k">NULL</span><span class="p">;</span>
<span class="k">END</span><span class="p">;</span>
<span class="err">$$</span>
<span class="k">LANGUAGE</span> <span class="n">plpgsql</span><span class="p">;</span>

<span class="k">CREATE</span> <span class="k">TRIGGER</span> <span class="n">tr_insert</span> <span class="k">BEFORE</span> <span class="k">INSERT</span> <span class="k">ON</span> <span class="k">public</span><span class="p">.</span><span class="n">payments</span>
<span class="k">FOR</span> <span class="k">EACH</span> <span class="k">ROW</span> <span class="k">EXECUTE</span> <span class="k">PROCEDURE</span> <span class="n">fn_insert</span><span class="p">();</span>
</code></pre>
</div>

<h2 id="explain">Explain</h2>

<h3 id="select">Select</h3>

<div class="language-sql highlighter-rouge"><pre class="highlight"><code><span class="k">EXPLAIN</span> <span class="k">ANALYZE</span> <span class="k">SELECT</span> <span class="o">*</span> <span class="k">FROM</span> <span class="n">payments</span><span class="p">;</span>
</code></pre>
</div>

<h4 id="explain-result">Explain result</h4>
<div class="highlighter-rouge"><pre class="highlight"><code>Seq Scan on payments  (cost=0.00..3.39 rows=39 width=12222) (actual time=0.006..0.035 rows=43 loops=1)
Planning time: 0.136 ms
Execution time: 0.066 ms
</code></pre>
</div>

<h4 id="after-partitioned">After partitioned</h4>
<div class="language-sql highlighter-rouge"><pre class="highlight"><code><span class="k">EXPLAIN</span> <span class="k">ANALYZE</span> <span class="k">SELECT</span> <span class="o">*</span> <span class="k">FROM</span> <span class="n">payments</span><span class="p">;</span>
</code></pre>
</div>

<h4 id="explain-result-1">Explain result</h4>
<div class="highlighter-rouge"><pre class="highlight"><code>Append  (cost=0.00..43.39 rows=43 width=12842) (actual time=0.010..0.055 rows=43 loops=1)
-&gt;  Seq Scan on payments  (cost=0.00..3.39 rows=39 width=12222) (actual time=0.010..0.044 rows=43 loops=1)
-&gt;  Seq Scan on p201708  (cost=0.00..10.00 rows=1 width=18860) (actual time=0.001..0.001 rows=0 loops=1)
-&gt;  Seq Scan on p201709  (cost=0.00..10.00 rows=1 width=18860) (actual time=0.004..0.004 rows=0 loops=1)
-&gt;  Seq Scan on p201710  (cost=0.00..10.00 rows=1 width=18860) (actual time=0.002..0.002 rows=0 loops=1)
-&gt;  Seq Scan on p201711  (cost=0.00..10.00 rows=1 width=18860) (actual time=0.001..0.001 rows=0 loops=1)
Planning time: 2.520 ms
Execution time: 0.285 ms
</code></pre>
</div>

<h4 id="explain-with-filter">Explain with filter</h4>
<div class="language-sql highlighter-rouge"><pre class="highlight"><code><span class="k">EXPLAIN</span> <span class="k">ANALYZE</span> <span class="k">SELECT</span> <span class="o">*</span> <span class="k">FROM</span> <span class="nv">"payments"</span>  <span class="k">WHERE</span> <span class="nv">"created_at"</span> <span class="o">=</span> <span class="s1">'2017-08-01'</span><span class="p">;</span>
</code></pre>
</div>

<h4 id="explain-result-2">Explain result</h4>
<div class="highlighter-rouge"><pre class="highlight"><code>Append  (cost=0.00..11.63 rows=2 width=15539) (actual time=0.049..0.049 rows=0 loops=1)
-&gt;  Seq Scan on payments  (cost=0.00..3.49 rows=1 width=12222) (actual time=0.045..0.045 rows=0 loops=1)
    Filter: (created_at = '2017-08-01 00:00:00+07'::timestamp with time zone)
    Rows Removed by Filter: 43
-&gt;  Index Scan using p201708_created_at_idx on p201708  (cost=0.12..8.14 rows=1 width=18860) (actual time=0.002..0.002 rows=0 loops=1)
    Index Cond: (created_at = '2017-08-01 00:00:00+07'::timestamp with time zone)
Planning time: 0.670 ms
Execution time: 0.156 ms
</code></pre>
</div>

<h4 id="explain-with-date-range">Explain with date range</h4>
<div class="language-sql highlighter-rouge"><pre class="highlight"><code><span class="k">EXPLAIN</span> <span class="k">ANALYZE</span> <span class="k">SELECT</span> <span class="nv">"payments"</span><span class="p">.</span><span class="o">*</span> <span class="k">FROM</span> <span class="nv">"payments"</span>  <span class="k">WHERE</span> <span class="p">(</span><span class="nv">"payments"</span><span class="p">.</span><span class="nv">"created_at"</span> <span class="k">BETWEEN</span> <span class="s1">'2017-08-01'</span> <span class="k">AND</span> <span class="s1">'2017-08-31'</span><span class="p">);</span>
</code></pre>
</div>

<h4 id="explain-result-3">Explain result</h4>
<div class="highlighter-rouge"><pre class="highlight"><code>Append  (cost=0.00..11.73 rows=40 width=12391) (actual time=0.014..0.082 rows=43 loops=1)
-&gt;  Seq Scan on payments  (cost=0.00..3.58 rows=39 width=12222) (actual time=0.013..0.068 rows=43 loops=1)
    Filter: ((created_at &gt;= '2017-08-01 00:00:00+07'::timestamp with time zone) AND (created_at &lt;= '2017-08-31 00:00:00+07'::timestamp with time zone))
-&gt;  Index Scan using p201708_created_at_idx on p201708  (cost=0.12..8.14 rows=1 width=18860) (actual time=0.002..0.002 rows=0 loops=1)
    Index Cond: ((created_at &gt;= '2017-08-01 00:00:00+07'::timestamp with time zone) AND (created_at &lt;= '2017-08-31 00:00:00+07'::timestamp with time zone))
Planning time: 0.764 ms
Execution time: 0.172 ms
</code></pre>
</div>

<h3 id="insert">Insert</h3>

<div class="language-sql highlighter-rouge"><pre class="highlight"><code><span class="k">EXPLAIN</span> <span class="k">ANALYZE</span> <span class="k">INSERT</span> <span class="k">INTO</span> <span class="n">payments</span> <span class="p">(</span><span class="nv">"created_at"</span><span class="p">)</span> <span class="k">VALUES</span> <span class="p">(</span><span class="s1">'2017-08-18 14:09:03.763977'</span><span class="p">)</span> <span class="n">RETURNING</span> <span class="n">id</span><span class="p">;</span>
</code></pre>
</div>

<h4 id="explain-result-4">Explain result</h4>
<div class="highlighter-rouge"><pre class="highlight"><code>Insert on payments  (cost=0.00..0.01 rows=1 width=1464) (actual time=0.711..0.711 rows=0 loops=1)
-&gt;  Result  (cost=0.00..0.01 rows=1 width=1464) (actual time=0.023..0.023 rows=1 loops=1)
Planning time: 0.167 ms
Trigger tr_insert: time=0.660 calls=1
Execution time: 0.869 ms
</code></pre>
</div>

<h3 id="delete">Delete</h3>

<div class="language-sql highlighter-rouge"><pre class="highlight"><code><span class="k">EXPLAIN</span> <span class="k">ANALYZE</span> <span class="k">DELETE</span> <span class="k">FROM</span> <span class="n">payments</span> <span class="k">WHERE</span> <span class="n">id</span> <span class="o">=</span> <span class="mi">69090</span><span class="p">;</span>
</code></pre>
</div>

<h4 id="explain-result-5">Explain result</h4>
<div class="highlighter-rouge"><pre class="highlight"><code>Delete on payments  (cost=0.00..11.63 rows=2 width=6) (actual time=0.061..0.061 rows=0 loops=1)
Delete on payments
Delete on p201708
-&gt;  Seq Scan on payments  (cost=0.00..3.49 rows=1 width=6) (actual time=0.028..0.028 rows=0 loops=1)
    Filter: (id = 69090)
    Rows Removed by Filter: 43
-&gt;  Index Scan using p201708_id_udx on p201708  (cost=0.12..8.14 rows=1 width=6) (actual time=0.004..0.005 rows=1 loops=1)
    Index Cond: (id = 69090)
Planning time: 0.850 ms
Execution time: 0.123 ms
</code></pre>
</div>

<h2 id="resource">Resource</h2>
<ul>
  <li><a href="https://www.postgresql.org/docs/9.3/static/ddl-partitioning.html">Partitioning</a></li>
</ul>

          </div>

          <div class="article-share">
            
            <a href="" title="Share on Twitter" onclick="window.open('https://twitter.com/home?status=Partitioning in PostgreSQL - https://edwinlab.github.io/blog/blog/posts/partitioning-in-postgresql by @edwinlab', 'newwindow', 'width=500, height=225'); return false;" data-turbolinks="false">
              <svg enable-background="new 0 0 128 128" width="15px" version="1.1" viewBox="0 0 128 128" xml:space="preserve" xmlns="http://www.w3.org/2000/svg" xmlns:xlink="http://www.w3.org/1999/xlink"><g id="_x37__stroke"><g id="Twitter"><rect clip-rule="evenodd" fill="none" fill-rule="evenodd" height="128" width="128"/><path clip-rule="evenodd" d="M128,23.294    c-4.703,2.142-9.767,3.59-15.079,4.237c5.424-3.328,9.587-8.606,11.548-14.892c-5.079,3.082-10.691,5.324-16.687,6.526    c-4.778-5.231-11.608-8.498-19.166-8.498c-14.493,0-26.251,12.057-26.251,26.927c0,2.111,0.225,4.16,0.676,6.133    C41.217,42.601,21.871,31.892,8.91,15.582c-2.261,3.991-3.554,8.621-3.554,13.552c0,9.338,4.636,17.581,11.683,22.412    c-4.297-0.131-8.355-1.356-11.901-3.359v0.331c0,13.051,9.053,23.937,21.074,26.403c-2.201,0.632-4.523,0.948-6.92,0.948    c-1.69,0-3.343-0.162-4.944-0.478c3.343,10.694,13.035,18.483,24.53,18.691c-8.986,7.227-20.315,11.533-32.614,11.533    c-2.119,0-4.215-0.123-6.266-0.37c11.623,7.627,25.432,12.088,40.255,12.088c48.309,0,74.717-41.026,74.717-76.612    c0-1.171-0.023-2.342-0.068-3.49C120.036,33.433,124.491,28.695,128,23.294" fill-rule="evenodd" id="Twitter_1_"/></g></g></svg>
            </a>
            <a href="" title="Share on Facebook" onclick="window.open('https://www.facebook.com/sharer/sharer.php?u=https://edwinlab.github.io/blog/blog/posts/partitioning-in-postgresql', 'newwindow', 'width=500, height=500'); return false;" data-turbolinks="false">
              <svg enable-background="new 0 0 128 128" width="15px" version="1.1" viewBox="0 0 128 128" xml:space="preserve" xmlns="http://www.w3.org/2000/svg" xmlns:xlink="http://www.w3.org/1999/xlink"><g id="_x31__stroke"><g id="Facebook_1_"><rect fill="none" height="128" width="128"/><path clip-rule="evenodd" d="M68.369,128H7.065C3.162,128,0,124.836,0,120.935    V7.065C0,3.162,3.162,0,7.065,0h113.871C124.837,0,128,3.162,128,7.065v113.87c0,3.902-3.163,7.065-7.064,7.065H88.318V78.431    h16.638l2.491-19.318H88.318V46.78c0-5.593,1.553-9.404,9.573-9.404l10.229-0.004V20.094c-1.769-0.235-7.841-0.761-14.906-0.761    c-14.749,0-24.846,9.003-24.846,25.535v14.246H51.688v19.318h16.681V128z" fill-rule="evenodd" id="Facebook"/></g></g></svg>
            </a>
            <a href="" title="Share on Google+" onclick="window.open('https://plus.google.com/share?url=https://edwinlab.github.io/blog/blog/posts/partitioning-in-postgresql', 'newwindow', 'width=550, height=400'); return false;" data-turbolinks="false">
              <svg enable-background="new 0 0 128 128" version="1.1" viewBox="0 0 128 128" width="20px" xml:space="preserve" xmlns="http://www.w3.org/2000/svg" xmlns:xlink="http://www.w3.org/1999/xlink"><g id="_x35__stroke"><g id="Google_Plus"><rect clip-rule="evenodd" fill="none" fill-rule="evenodd" height="128" width="128"/><path clip-rule="evenodd" d="M40.654,55.935v16.13    c0,0,15.619-0.021,21.979-0.021C59.189,82.5,53.834,88.194,40.654,88.194c-13.338,0-23.748-10.832-23.748-24.194    s10.41-24.194,23.748-24.194c7.052,0,11.607,2.483,15.784,5.944c3.344-3.35,3.065-3.828,11.573-11.877    c-7.222-6.586-16.822-10.6-27.357-10.6C18.201,23.273,0,41.507,0,64c0,22.493,18.201,40.727,40.654,40.727    c33.561,0,41.763-29.275,39.044-48.792H40.654z M113.912,56.742V42.628h-10.063v14.113H89.358v10.081h14.491v14.517h10.063V66.823    H128V56.742H113.912z" fill-rule="evenodd" id="Google_Plus_1_"/></g></g></svg>
            </a>
          </div>

          
        </article>
        <footer class="footer reveal">
  <p>
    Jakarta, Indonesia.
  </p>
</footer>

      </div>
    </div>
  </main>
  
  <script src="https://ajax.googleapis.com/ajax/libs/webfont/1.6.16/webfont.js"></script>
  <script>
    WebFont.load({
      google: {
        families: ['Cormorant Garamond:700', 'Lato:300,400,700']
      }
    });
  </script>




<script type="text/javascript" src="/blog/assets/vendor.js"></script>
<script type="text/javascript" src="/blog/assets/application.js"></script>

</body>
</html>
